<?xml version="1.0" encoding="UTF-8" ?>
<testsuite failures="1" time="4.608" errors="0" skipped="0" tests="11" name="TestSuite">
  <properties>
    <property name="java.runtime.name" value="Java(TM) SE Runtime Environment"/>
    <property name="sun.boot.library.path" value="/home/nkosy/jdk1.7.0_51/jre/lib/i386"/>
    <property name="java.vm.version" value="24.51-b03"/>
    <property name="java.vm.vendor" value="Oracle Corporation"/>
    <property name="java.vendor.url" value="http://java.oracle.com/"/>
    <property name="path.separator" value=":"/>
    <property name="guice.disable.misplaced.annotation.check" value="true"/>
    <property name="java.vm.name" value="Java HotSpot(TM) Client VM"/>
    <property name="file.encoding.pkg" value="sun.io"/>
    <property name="user.country" value="ZA"/>
    <property name="sun.java.launcher" value="SUN_STANDARD"/>
    <property name="sun.os.patch.level" value="unknown"/>
    <property name="java.vm.specification.name" value="Java Virtual Machine Specification"/>
    <property name="user.dir" value="/home/nkosy/NetBeansProjects/BulidingManagement"/>
    <property name="java.runtime.version" value="1.7.0_51-b13"/>
    <property name="java.awt.graphicsenv" value="sun.awt.X11GraphicsEnvironment"/>
    <property name="java.endorsed.dirs" value="/home/nkosy/jdk1.7.0_51/jre/lib/endorsed"/>
    <property name="os.arch" value="i386"/>
    <property name="java.io.tmpdir" value="/tmp"/>
    <property name="line.separator" value="
"/>
    <property name="java.vm.specification.vendor" value="Oracle Corporation"/>
    <property name="os.name" value="Linux"/>
    <property name="maven.ext.class.path" value="/home/nkosy/netbeans-8.0beta/java/maven-nblib/netbeans-eventspy.jar"/>
    <property name="classworlds.conf" value="/home/nkosy/netbeans-8.0beta/java/maven/bin/m2.conf"/>
    <property name="sun.jnu.encoding" value="UTF-8"/>
    <property name="java.library.path" value="/home/nkosy/jdk1.7.0_51/jre/lib/amd64:/home/nkosy/jdk1.7.0_51/jre/lib/i386::/usr/java/packages/lib/i386:/lib:/usr/lib"/>
    <property name="java.specification.name" value="Java Platform API Specification"/>
    <property name="java.class.version" value="51.0"/>
    <property name="sun.management.compiler" value="HotSpot Client Compiler"/>
    <property name="os.version" value="3.2.0-23-generic"/>
    <property name="user.home" value="/home/nkosy"/>
    <property name="user.timezone" value="Africa/Johannesburg"/>
    <property name="java.awt.printerjob" value="sun.print.PSPrinterJob"/>
    <property name="file.encoding" value="UTF-8"/>
    <property name="java.specification.version" value="1.7"/>
    <property name="java.net.useSystemProxies" value="true"/>
    <property name="user.name" value="nkosy"/>
    <property name="java.class.path" value="/home/nkosy/netbeans-8.0beta/java/maven/boot/plexus-classworlds-2.4.jar"/>
    <property name="java.vm.specification.version" value="1.7"/>
    <property name="sun.arch.data.model" value="32"/>
    <property name="java.home" value="/home/nkosy/jdk1.7.0_51/jre"/>
    <property name="sun.java.command" value="org.codehaus.plexus.classworlds.launcher.Launcher -Dmaven.ext.class.path=/home/nkosy/netbeans-8.0beta/java/maven-nblib/netbeans-eventspy.jar -Djava.net.useSystemProxies=true install"/>
    <property name="java.specification.vendor" value="Oracle Corporation"/>
    <property name="user.language" value="en"/>
    <property name="awt.toolkit" value="sun.awt.X11.XToolkit"/>
    <property name="java.vm.info" value="mixed mode"/>
    <property name="java.version" value="1.7.0_51"/>
    <property name="java.ext.dirs" value="/home/nkosy/jdk1.7.0_51/jre/lib/ext:/usr/java/packages/lib/ext"/>
    <property name="securerandom.source" value="file:/dev/./urandom"/>
    <property name="sun.boot.class.path" value="/home/nkosy/jdk1.7.0_51/jre/lib/resources.jar:/home/nkosy/jdk1.7.0_51/jre/lib/rt.jar:/home/nkosy/jdk1.7.0_51/jre/lib/sunrsasign.jar:/home/nkosy/jdk1.7.0_51/jre/lib/jsse.jar:/home/nkosy/jdk1.7.0_51/jre/lib/jce.jar:/home/nkosy/jdk1.7.0_51/jre/lib/charsets.jar:/home/nkosy/jdk1.7.0_51/jre/lib/jfr.jar:/home/nkosy/jdk1.7.0_51/jre/classes"/>
    <property name="java.vendor" value="Oracle Corporation"/>
    <property name="maven.home" value="/home/nkosy/netbeans-8.0beta/java/maven"/>
    <property name="file.separator" value="/"/>
    <property name="java.vendor.url.bug" value="http://bugreport.sun.com/bugreport/"/>
    <property name="sun.cpu.endian" value="little"/>
    <property name="sun.io.unicode.encoding" value="UnicodeLittle"/>
    <property name="sun.cpu.isalist" value=""/>
  </properties>
  <testcase time="0.012" classname="TestAlfaProjects" name="TestMaintainElevator"/>
  <testcase time="0" classname="TestEavesOverHang" name="TestPaintArea"/>
  <testcase time="0.004" classname="TestEavesOverHang2" name="TestPaintArea"/>
  <testcase time="0" classname="TestMaintainBldB" name="TestMaintainElevator"/>
  <testcase time="0.011" classname="TestMaintainBlds2_1" name="TestMaintainElevator"/>
  <testcase time="0.002" classname="TestMaintainProjectFigo" name="TestMaintainElevator"/>
  <testcase time="0.002" classname="TestProjectFigo" name="TestMaintainElevator"/>
  <testcase time="0.006" classname="TestProjectStrathavon" name="TestPrintDetails"/>
  <testcase time="0.011" classname="TestReport" name="testPrintReport">
    <failure type="java.lang.NullPointerException">java.lang.NullPointerException
	at com.mycompany.bulidingManagement.PLK.Violation.Service.Implementation.Report.PrintReport(Report.java:25)
	at TestReport.testPrintReport(TestReport.java:37)
</failure>
    <system-err>Mar 01, 2014 11:06:18 PM org.springframework.context.support.AbstractApplicationContext prepareRefresh
INFO: Refreshing org.springframework.context.annotation.AnnotationConfigApplicationContext@9ed343: startup date [Sat Mar 01 23:06:18 SAST 2014]; root of context hierarchy
</system-err>
  </testcase>
  <testcase time="0.003" classname="TestTMImpl" name="testDisplayTenants"/>
  <testcase time="0.011" classname="TestTmanagement" name="TestManageTenants"/>
</testsuite>