<?xml version="1.0" encoding="UTF-8"?>
<!-- Generated by org.testng.reporters.JUnitReportReporter -->
<testsuite hostname="nkosy-Presario-CQ57-Notebook-PC" name="TestTMImpl" tests="1" failures="0" timestamp="1 Mar 2014 21:06:18 GMT" time="0.004" errors="0">
  <testcase name="testDisplayTenants" time="0.004" classname="TestTMImpl"/>
</testsuite> <!-- TestTMImpl -->
