<?xml version="1.0" encoding="UTF-8"?>
<!-- Generated by org.testng.reporters.JUnitReportReporter -->
<testsuite hostname="nkosy-Presario-CQ57-Notebook-PC" name="TestEavesOverHang2" tests="1" failures="0" timestamp="28 Feb 2014 15:19:18 GMT" time="0.011" errors="0">
  <testcase name="TestPaintArea" time="0.011" classname="TestEavesOverHang2"/>
</testsuite> <!-- TestEavesOverHang2 -->
