<?xml version="1.0" encoding="UTF-8"?>
<!-- Generated by org.testng.reporters.JUnitReportReporter -->
<testsuite hostname="nkosy-Presario-CQ57-Notebook-PC" name="testRoutineMaintanance" tests="1" failures="0" timestamp="27 Feb 2014 19:43:30 GMT" time="0.010" errors="0">
  <testcase name="TestCalculateCosts" time="0.010" classname="testRoutineMaintanance"/>
</testsuite> <!-- testRoutineMaintanance -->
