<?xml version="1.0" encoding="UTF-8"?>
<!-- Generated by org.testng.reporters.JUnitReportReporter -->
<testsuite hostname="nkosy-Presario-CQ57-Notebook-PC" name="TestAlfaProjects" tests="1" failures="0" timestamp="1 Mar 2014 21:06:18 GMT" time="1.556" errors="0">
  <testcase name="TestMaintainElevator" time="1.556" classname="TestAlfaProjects"/>
</testsuite> <!-- TestAlfaProjects -->
