<?xml version="1.0" encoding="UTF-8"?>
<!-- Generated by org.testng.reporters.JUnitReportReporter -->
<testsuite hostname="nkosy-Presario-CQ57-Notebook-PC" name="testPrintLog" tests="1" failures="0" timestamp="27 Feb 2014 18:32:51 GMT" time="0.016" errors="0">
  <testcase name="TestToString" time="0.016" classname="testPrintLog"/>
</testsuite> <!-- testPrintLog -->
