<?xml version="1.0" encoding="UTF-8"?>
<!-- Generated by org.testng.reporters.JUnitReportReporter -->
<testsuite hostname="nkosy-Presario-CQ57-Notebook-PC" name="TestProjectStrathavon" tests="1" failures="0" timestamp="28 Feb 2014 14:38:36 GMT" time="0.001" errors="0">
  <testcase name="TestPrintDetails" time="0.001" classname="TestProjectStrathavon"/>
</testsuite> <!-- TestProjectStrathavon -->
